<?xml version="1.0" encoding="UTF-8"?>
<!-- Generated by org.testng.reporters.JUnitReportReporter -->
<testsuite hostname="VISHAL" failures="0" tests="1" name="SwiggyTestcases.LoginTestcase" time="20.133" errors="0" timestamp="2023-05-15T21:40:10 IST" skipped="0">
  <testcase classname="SwiggyTestcases.LoginTestcase" name="tc001_validate_location" time="20.133"/>
  <system-out/>
</testsuite> <!-- SwiggyTestcases.LoginTestcase -->
